Scraper starting at 02:48AM on March 31, 2013
Scraper ending at 02:48AM on March 31, 2013
Scraper starting at 03:48AM on March 31, 2013
Scraper ending at 03:48AM on March 31, 2013
Scraper starting at 04:48AM on March 31, 2013
Scraper ending at 04:48AM on March 31, 2013
Scraper starting at 05:48AM on March 31, 2013
Scraper ending at 05:48AM on March 31, 2013
Scraper starting at 06:48AM on March 31, 2013
Scraper ending at 06:48AM on March 31, 2013
Scraper starting at 07:48AM on March 31, 2013
Scraper ending at 07:48AM on March 31, 2013
Scraper starting at 08:48AM on March 31, 2013
Timestamp parsing error: time data u'47 mins ago' does not match format '%b %d, %Y at %I:%M %p'
Scraper ending at 08:48AM on March 31, 2013
Scraper starting at 09:48AM on March 31, 2013
Timestamp parsing error: time data u'1 hour ago' does not match format '%b %d, %Y at %I:%M %p'
Scraper ending at 09:48AM on March 31, 2013
Scraper starting at 10:48AM on March 31, 2013
Timestamp parsing error: time data u'1 hour ago' does not match format '%b %d, %Y at %I:%M %p'
Scraper ending at 10:48AM on March 31, 2013
Scraper starting at 11:48AM on March 31, 2013
Timestamp parsing error: time data u'4 hours ago' does not match format '%b %d, %Y at %I:%M %p'
Scraper ending at 11:48AM on March 31, 2013
Scraper starting at 12:48PM on March 31, 2013
Timestamp parsing error: time data u'4 hours ago' does not match format '%b %d, %Y at %I:%M %p'
Scraper ending at 12:48PM on March 31, 2013
Scraper starting at 01:48PM on March 31, 2013
Timestamp parsing error: time data u'4 hours ago' does not match format '%b %d, %Y at %I:%M %p'
Scraper ending at 01:48PM on March 31, 2013
Scraper starting at 02:48PM on March 31, 2013
Timestamp parsing error: time data u'7 hours ago' does not match format '%b %d, %Y at %I:%M %p'
Scraper ending at 02:48PM on March 31, 2013
Scraper starting at 03:48PM on March 31, 2013
Timestamp parsing error: time data u'8 hours ago' does not match format '%b %d, %Y at %I:%M %p'
Scraper ending at 03:48PM on March 31, 2013
Scraper starting at 04:48PM on March 31, 2013
Timestamp parsing error: time data u'9 hours ago' does not match format '%b %d, %Y at %I:%M %p'
Scraper ending at 04:48PM on March 31, 2013
